Using pre-set license
Built from '2020.3/staging' branch; Version is '2020.3.4f1 (0abb6314276a) revision 703331'; Using compiler version '192528614'; Build Type 'Release'
OS: 'Windows 10 Enterprise; OS build 19042.928; Version 2009; 64bit' Language: 'en' Physical Memory: 32609 MB
BatchMode: 1, IsHumanControllingUs: 0, StartBugReporterOnCrash: 0, Is64bit: 1, IsPro: 0

 COMMAND LINE ARGUMENTS:
C:\Program Files\Unity\Hub\Editor\2020.3.4f1\Editor\Unity.exe
-adb2
-batchMode
-noUpm
-name
AssetImportWorker0
-projectPath
D:/WorkingProjects/Tower_Defence
-logFile
Logs/AssetImportWorker0.log
-srvPort
59026
Successfully changed project path to: D:/WorkingProjects/Tower_Defence
D:/WorkingProjects/Tower_Defence
Using Asset Import Pipeline V2.
Refreshing native plugins compatible for Editor in 24.13 ms, found 0 plugins.
Preloading 0 native plugins for Editor in 0.00 ms.
Initialize engine version: 2020.3.4f1 (0abb6314276a)
[Subsystems] Discovering subsystems at path C:/Program Files/Unity/Hub/Editor/2020.3.4f1/Editor/Data/Resources/UnitySubsystems
[Subsystems] Discovering subsystems at path D:/WorkingProjects/Tower_Defence/Assets
GfxDevice: creating device client; threaded=0
Direct3D:
    Version:  Direct3D 11.0 [level 11.1]
    Renderer: Intel(R) UHD Graphics 630 (ID=0x9bc5)
    Vendor:   
    VRAM:     16304 MB
    Driver:   27.20.100.8681
Initialize mono
Mono path[0] = 'C:/Program Files/Unity/Hub/Editor/2020.3.4f1/Editor/Data/Managed'
Mono path[1] = 'C:/Program Files/Unity/Hub/Editor/2020.3.4f1/Editor/Data/MonoBleedingEdge/lib/mono/unityjit'
Mono config path = 'C:/Program Files/Unity/Hub/Editor/2020.3.4f1/Editor/Data/MonoBleedingEdge/etc'
Using monoOptions --debugger-agent=transport=dt_socket,embedding=1,server=y,suspend=n,address=127.0.0.1:56480
Begin MonoManager ReloadAssembly
Registering precompiled unity dll's ...
Register platform support module: C:/Program Files/Unity/Hub/Editor/2020.3.4f1/Editor/Data/PlaybackEngines/WindowsStandaloneSupport/UnityEditor.WindowsStandalone.Extensions.dll
Registered in 0.002596 seconds.
Native extension for WindowsStandalone target not found
Refreshing native plugins compatible for Editor in 23.49 ms, found 0 plugins.
Preloading 0 native plugins for Editor in 0.00 ms.
Mono: successfully reloaded assembly
- Completed reload, in  1.725 seconds
Platform modules already initialized, skipping
Registering precompiled user dll's ...
Registered in 0.000408 seconds.
Begin MonoManager ReloadAssembly
Native extension for WindowsStandalone target not found
Refreshing native plugins compatible for Editor in 0.22 ms, found 0 plugins.
Preloading 0 native plugins for Editor in 0.00 ms.
Mono: successfully reloaded assembly
- Completed reload, in  0.796 seconds
Platform modules already initialized, skipping
========================================================================
Worker process is ready to serve import requests
Launched and connected shader compiler UnityShaderCompiler.exe after 0.04 seconds
Refreshing native plugins compatible for Editor in 0.23 ms, found 0 plugins.
Preloading 0 native plugins for Editor in 0.00 ms.
Unloading 1120 Unused Serialized files (Serialized files now loaded: 0)
System memory in use before: 57.3 MB.
System memory in use after: 57.3 MB.

Unloading 10 unused Assets to reduce memory usage. Loaded Objects now: 1562.
Total: 1.520800 ms (FindLiveObjects: 0.138700 ms CreateObjectMapping: 0.035900 ms MarkObjects: 1.279900 ms  DeleteObjects: 0.064700 ms)

========================================================================
Received Import Request.
  path: Assets/Scripts/Game.cs
  artifactKey: Guid(52bf545da155862468bf33ed064ece73) Importer(815301076,1909f56bfc062723c751e8b465ee728b)
Start importing Assets/Scripts/Game.cs using Guid(52bf545da155862468bf33ed064ece73) Importer(815301076,1909f56bfc062723c751e8b465ee728b)  -> (artifact id: '9d8aef0b9bbe9fd291d3e60a3d431042') in 0.023347 seconds
  Import took 0.025404 seconds .

========================================================================
Received Import Request.
  Time since last request: 12.365949 seconds.
  path: Assets/Materials/Spawn.mat
  artifactKey: Guid(e565fa5d627602b46abb7542b7358416) Importer(815301076,1909f56bfc062723c751e8b465ee728b)
Start importing Assets/Materials/Spawn.mat using Guid(e565fa5d627602b46abb7542b7358416) Importer(815301076,1909f56bfc062723c751e8b465ee728b)  -> (artifact id: 'cf59128dcc2eedd88a941d91c09d07d2') in 0.100086 seconds
  Import took 0.102132 seconds .

========================================================================
Received Import Request.
  Time since last request: 7.984655 seconds.
  path: Assets/Sutup/ContentFactory.asset
  artifactKey: Guid(5ffb81a2256d9cb43b8a70ea7423b57b) Importer(815301076,1909f56bfc062723c751e8b465ee728b)
Start importing Assets/Sutup/ContentFactory.asset using Guid(5ffb81a2256d9cb43b8a70ea7423b57b) Importer(815301076,1909f56bfc062723c751e8b465ee728b)  -> (artifact id: 'fd456ce794585c3dfe21048bb715acc6') in 0.006399 seconds
  Import took 0.008643 seconds .

