Using pre-set license
Built from '2020.3/staging' branch; Version is '2020.3.4f1 (0abb6314276a) revision 703331'; Using compiler version '192528614'; Build Type 'Release'
OS: 'Windows 10 Enterprise; OS build 19042.928; Version 2009; 64bit' Language: 'en' Physical Memory: 32609 MB
BatchMode: 1, IsHumanControllingUs: 0, StartBugReporterOnCrash: 0, Is64bit: 1, IsPro: 0

 COMMAND LINE ARGUMENTS:
C:\Program Files\Unity\Hub\Editor\2020.3.4f1\Editor\Unity.exe
-adb2
-batchMode
-noUpm
-name
AssetImportWorker0
-projectPath
D:/GitProjects/Tower_Defence_tutorial
-logFile
Logs/AssetImportWorker0.log
-srvPort
59615
Successfully changed project path to: D:/GitProjects/Tower_Defence_tutorial
D:/GitProjects/Tower_Defence_tutorial
Using Asset Import Pipeline V2.
Refreshing native plugins compatible for Editor in 20.72 ms, found 0 plugins.
Preloading 0 native plugins for Editor in 0.00 ms.
Initialize engine version: 2020.3.4f1 (0abb6314276a)
[Subsystems] Discovering subsystems at path C:/Program Files/Unity/Hub/Editor/2020.3.4f1/Editor/Data/Resources/UnitySubsystems
[Subsystems] Discovering subsystems at path D:/GitProjects/Tower_Defence_tutorial/Assets
GfxDevice: creating device client; threaded=0
Direct3D:
    Version:  Direct3D 11.0 [level 11.1]
    Renderer: Intel(R) UHD Graphics 630 (ID=0x9bc5)
    Vendor:   
    VRAM:     16304 MB
    Driver:   27.20.100.8681
Initialize mono
Mono path[0] = 'C:/Program Files/Unity/Hub/Editor/2020.3.4f1/Editor/Data/Managed'
Mono path[1] = 'C:/Program Files/Unity/Hub/Editor/2020.3.4f1/Editor/Data/MonoBleedingEdge/lib/mono/unityjit'
Mono config path = 'C:/Program Files/Unity/Hub/Editor/2020.3.4f1/Editor/Data/MonoBleedingEdge/etc'
Using monoOptions --debugger-agent=transport=dt_socket,embedding=1,server=y,suspend=n,address=127.0.0.1:56548
Begin MonoManager ReloadAssembly
Registering precompiled unity dll's ...
Register platform support module: C:/Program Files/Unity/Hub/Editor/2020.3.4f1/Editor/Data/PlaybackEngines/WindowsStandaloneSupport/UnityEditor.WindowsStandalone.Extensions.dll
Registered in 0.001572 seconds.
Native extension for WindowsStandalone target not found
Refreshing native plugins compatible for Editor in 21.36 ms, found 0 plugins.
Preloading 0 native plugins for Editor in 0.00 ms.
Mono: successfully reloaded assembly
- Completed reload, in  1.696 seconds
Platform modules already initialized, skipping
Registering precompiled user dll's ...
Registered in 0.000594 seconds.
Begin MonoManager ReloadAssembly
Native extension for WindowsStandalone target not found
Refreshing native plugins compatible for Editor in 0.33 ms, found 0 plugins.
Preloading 0 native plugins for Editor in 0.00 ms.
Mono: successfully reloaded assembly
- Completed reload, in  0.769 seconds
Platform modules already initialized, skipping
========================================================================
Worker process is ready to serve import requests
Launched and connected shader compiler UnityShaderCompiler.exe after 0.04 seconds
Refreshing native plugins compatible for Editor in 0.20 ms, found 0 plugins.
Preloading 0 native plugins for Editor in 0.00 ms.
Unloading 1120 Unused Serialized files (Serialized files now loaded: 0)
System memory in use before: 57.3 MB.
System memory in use after: 57.3 MB.

Unloading 10 unused Assets to reduce memory usage. Loaded Objects now: 1562.
Total: 1.454700 ms (FindLiveObjects: 0.124500 ms CreateObjectMapping: 0.036800 ms MarkObjects: 1.226300 ms  DeleteObjects: 0.066100 ms)

========================================================================
Received Import Request.
  path: Assets/Scripts/GameTileContent.cs
  artifactKey: Guid(30ea371b7699b83489424d70a9dbd907) Importer(815301076,1909f56bfc062723c751e8b465ee728b)
Start importing Assets/Scripts/GameTileContent.cs using Guid(30ea371b7699b83489424d70a9dbd907) Importer(815301076,1909f56bfc062723c751e8b465ee728b)  -> (artifact id: '4040423c2c125368d781adbcd72254db') in 0.013850 seconds
  Import took 0.015945 seconds .

========================================================================
Received Import Request.
  Time since last request: 3.187868 seconds.
  path: Assets/Scripts/GameTileContentFactory.cs
  artifactKey: Guid(bc0956828f7dc304cbfbb69fc350e8f6) Importer(815301076,1909f56bfc062723c751e8b465ee728b)
Start importing Assets/Scripts/GameTileContentFactory.cs using Guid(bc0956828f7dc304cbfbb69fc350e8f6) Importer(815301076,1909f56bfc062723c751e8b465ee728b)  -> (artifact id: '78cbebfa8284ea7ccb953b72be20ca3f') in 0.002168 seconds
  Import took 0.004220 seconds .

========================================================================
Received Import Request.
  Time since last request: 0.025383 seconds.
  path: Assets/Scripts/GameTileContentFactory.cs
  artifactKey: Guid(bc0956828f7dc304cbfbb69fc350e8f6) Importer(815301076,1909f56bfc062723c751e8b465ee728b)
Start importing Assets/Scripts/GameTileContentFactory.cs using Guid(bc0956828f7dc304cbfbb69fc350e8f6) Importer(815301076,1909f56bfc062723c751e8b465ee728b)  -> (artifact id: '78cbebfa8284ea7ccb953b72be20ca3f') in 0.001576 seconds
  Import took 0.003277 seconds .

========================================================================
Received Import Request.
  Time since last request: 1.852044 seconds.
  path: Assets/Scripts/GameTile.cs
  artifactKey: Guid(6da51783dfe1ada40a1e14f7e1323f79) Importer(815301076,1909f56bfc062723c751e8b465ee728b)
Start importing Assets/Scripts/GameTile.cs using Guid(6da51783dfe1ada40a1e14f7e1323f79) Importer(815301076,1909f56bfc062723c751e8b465ee728b)  -> (artifact id: '8602b89170064be766d49ce359110f9a') in 0.001739 seconds
  Import took 0.003640 seconds .

========================================================================
Received Import Request.
  Time since last request: 0.003620 seconds.
  path: Assets/Scripts/GameTile.cs
  artifactKey: Guid(6da51783dfe1ada40a1e14f7e1323f79) Importer(815301076,1909f56bfc062723c751e8b465ee728b)
Start importing Assets/Scripts/GameTile.cs using Guid(6da51783dfe1ada40a1e14f7e1323f79) Importer(815301076,1909f56bfc062723c751e8b465ee728b)  -> (artifact id: '8602b89170064be766d49ce359110f9a') in 0.002104 seconds
  Import took 0.004713 seconds .

========================================================================
Received Import Request.
  Time since last request: 1.211653 seconds.
  path: Assets/Scripts/GameBoard.cs
  artifactKey: Guid(85509af22026fba41990a750e5b80822) Importer(815301076,1909f56bfc062723c751e8b465ee728b)
Start importing Assets/Scripts/GameBoard.cs using Guid(85509af22026fba41990a750e5b80822) Importer(815301076,1909f56bfc062723c751e8b465ee728b)  -> (artifact id: '8982d7d650851407a7b256252a0fa173') in 0.002021 seconds
  Import took 0.004110 seconds .

========================================================================
Received Import Request.
  Time since last request: 0.001389 seconds.
  path: Assets/Scripts/GameBoard.cs
  artifactKey: Guid(85509af22026fba41990a750e5b80822) Importer(815301076,1909f56bfc062723c751e8b465ee728b)
Start importing Assets/Scripts/GameBoard.cs using Guid(85509af22026fba41990a750e5b80822) Importer(815301076,1909f56bfc062723c751e8b465ee728b)  -> (artifact id: '8982d7d650851407a7b256252a0fa173') in 0.001722 seconds
  Import took 0.003953 seconds .

========================================================================
Received Prepare
Registering precompiled user dll's ...
Registered in 0.000401 seconds.
Begin MonoManager ReloadAssembly
Native extension for WindowsStandalone target not found
Refreshing native plugins compatible for Editor in 0.19 ms, found 0 plugins.
Preloading 0 native plugins for Editor in 0.00 ms.
Mono: successfully reloaded assembly
- Completed reload, in  0.689 seconds
Platform modules already initialized, skipping
Refreshing native plugins compatible for Editor in 0.19 ms, found 0 plugins.
Preloading 0 native plugins for Editor in 0.00 ms.
Unloading 1115 Unused Serialized files (Serialized files now loaded: 0)
System memory in use before: 57.2 MB.
System memory in use after: 57.3 MB.

Unloading 5 unused Assets to reduce memory usage. Loaded Objects now: 1565.
Total: 1.595800 ms (FindLiveObjects: 0.126900 ms CreateObjectMapping: 0.038100 ms MarkObjects: 1.386100 ms  DeleteObjects: 0.043900 ms)

========================================================================
Received Prepare
Registering precompiled user dll's ...
Registered in 0.000396 seconds.
Begin MonoManager ReloadAssembly
Native extension for WindowsStandalone target not found
Refreshing native plugins compatible for Editor in 0.21 ms, found 0 plugins.
Preloading 0 native plugins for Editor in 0.00 ms.
Mono: successfully reloaded assembly
- Completed reload, in  0.719 seconds
Platform modules already initialized, skipping
Refreshing native plugins compatible for Editor in 0.20 ms, found 0 plugins.
Preloading 0 native plugins for Editor in 0.00 ms.
Unloading 1116 Unused Serialized files (Serialized files now loaded: 0)
System memory in use before: 57.3 MB.
System memory in use after: 57.4 MB.

Unloading 5 unused Assets to reduce memory usage. Loaded Objects now: 1569.
Total: 1.466100 ms (FindLiveObjects: 0.138500 ms CreateObjectMapping: 0.037600 ms MarkObjects: 1.241500 ms  DeleteObjects: 0.047600 ms)

========================================================================
Received Prepare
Registering precompiled user dll's ...
Registered in 0.000804 seconds.
Begin MonoManager ReloadAssembly
Native extension for WindowsStandalone target not found
Refreshing native plugins compatible for Editor in 0.23 ms, found 0 plugins.
Preloading 0 native plugins for Editor in 0.00 ms.
Mono: successfully reloaded assembly
- Completed reload, in  0.819 seconds
Platform modules already initialized, skipping
Refreshing native plugins compatible for Editor in 0.22 ms, found 0 plugins.
Preloading 0 native plugins for Editor in 0.00 ms.
Unloading 1116 Unused Serialized files (Serialized files now loaded: 0)
System memory in use before: 57.3 MB.
System memory in use after: 57.4 MB.

Unloading 5 unused Assets to reduce memory usage. Loaded Objects now: 1572.
Total: 2.198500 ms (FindLiveObjects: 0.179700 ms CreateObjectMapping: 0.052800 ms MarkObjects: 1.906500 ms  DeleteObjects: 0.056300 ms)

========================================================================
Received Prepare
Registering precompiled user dll's ...
Registered in 0.000423 seconds.
Begin MonoManager ReloadAssembly
Native extension for WindowsStandalone target not found
Refreshing native plugins compatible for Editor in 0.20 ms, found 0 plugins.
Preloading 0 native plugins for Editor in 0.00 ms.
Mono: successfully reloaded assembly
- Completed reload, in  0.715 seconds
Platform modules already initialized, skipping
Refreshing native plugins compatible for Editor in 0.36 ms, found 0 plugins.
Preloading 0 native plugins for Editor in 0.00 ms.
Unloading 1118 Unused Serialized files (Serialized files now loaded: 0)
System memory in use before: 57.4 MB.
System memory in use after: 57.5 MB.

Unloading 5 unused Assets to reduce memory usage. Loaded Objects now: 1577.
Total: 1.415700 ms (FindLiveObjects: 0.128200 ms CreateObjectMapping: 0.035800 ms MarkObjects: 1.205900 ms  DeleteObjects: 0.045000 ms)

========================================================================
Received Import Request.
  Time since last request: 6467.573843 seconds.
  path: Assets/Materials/New Material.mat
  artifactKey: Guid(46a398ee37e0a75468d451b777c39e0b) Importer(815301076,1909f56bfc062723c751e8b465ee728b)
Start importing Assets/Materials/New Material.mat using Guid(46a398ee37e0a75468d451b777c39e0b) Importer(815301076,1909f56bfc062723c751e8b465ee728b)  -> (artifact id: '80f0fb9743d9f4f66a6b86baf2310781') in 0.108062 seconds
  Import took 0.111470 seconds .

========================================================================
Received Import Request.
  Time since last request: 122.343951 seconds.
  path: Assets/Prefabs/Enemy.prefab
  artifactKey: Guid(ed10a232ac3605f46801741041e9d9e0) Importer(815301076,1909f56bfc062723c751e8b465ee728b)
Start importing Assets/Prefabs/Enemy.prefab using Guid(ed10a232ac3605f46801741041e9d9e0) Importer(815301076,1909f56bfc062723c751e8b465ee728b)  -> (artifact id: '9f9346c77e1c03d7baaaa3a52fdfc6c0') in 0.025116 seconds
  Import took 0.027076 seconds .

========================================================================
Received Import Request.
  Time since last request: 0.001137 seconds.
  path: Assets/Prefabs/Enemy.prefab
  artifactKey: Guid(ed10a232ac3605f46801741041e9d9e0) Importer(815301076,1909f56bfc062723c751e8b465ee728b)
Start importing Assets/Prefabs/Enemy.prefab using Guid(ed10a232ac3605f46801741041e9d9e0) Importer(815301076,1909f56bfc062723c751e8b465ee728b)  -> (artifact id: '9f9346c77e1c03d7baaaa3a52fdfc6c0') in 0.006937 seconds
  Import took 0.008687 seconds .

========================================================================
Received Prepare
Registering precompiled user dll's ...
Registered in 0.000392 seconds.
Begin MonoManager ReloadAssembly
Native extension for WindowsStandalone target not found
Refreshing native plugins compatible for Editor in 0.20 ms, found 0 plugins.
Preloading 0 native plugins for Editor in 0.00 ms.
Mono: successfully reloaded assembly
- Completed reload, in  0.681 seconds
Platform modules already initialized, skipping
Refreshing native plugins compatible for Editor in 0.20 ms, found 0 plugins.
Preloading 0 native plugins for Editor in 0.00 ms.
Unloading 1118 Unused Serialized files (Serialized files now loaded: 0)
System memory in use before: 60.7 MB.
System memory in use after: 60.8 MB.

Unloading 5 unused Assets to reduce memory usage. Loaded Objects now: 1621.
Total: 1.586000 ms (FindLiveObjects: 0.136500 ms CreateObjectMapping: 0.036800 ms MarkObjects: 1.369500 ms  DeleteObjects: 0.042100 ms)

========================================================================
Received Import Request.
  Time since last request: 107.523657 seconds.
  path: Assets/Sutup/EnemyFactory.asset
  artifactKey: Guid(70ae38c2c8c328542b455e33ddc8df40) Importer(815301076,1909f56bfc062723c751e8b465ee728b)
Start importing Assets/Sutup/EnemyFactory.asset using Guid(70ae38c2c8c328542b455e33ddc8df40) Importer(815301076,1909f56bfc062723c751e8b465ee728b)  -> (artifact id: 'c5cd74e0f90e34266c69b7f8137518f7') in 0.015732 seconds
  Import took 0.017644 seconds .

========================================================================
Received Prepare
Registering precompiled user dll's ...
Registered in 0.000434 seconds.
Begin MonoManager ReloadAssembly
Native extension for WindowsStandalone target not found
Refreshing native plugins compatible for Editor in 0.19 ms, found 0 plugins.
Preloading 0 native plugins for Editor in 0.00 ms.
Mono: successfully reloaded assembly
- Completed reload, in  0.673 seconds
Platform modules already initialized, skipping
Refreshing native plugins compatible for Editor in 0.19 ms, found 0 plugins.
Preloading 0 native plugins for Editor in 0.00 ms.
Unloading 1118 Unused Serialized files (Serialized files now loaded: 0)
System memory in use before: 60.7 MB.
System memory in use after: 60.8 MB.

Unloading 5 unused Assets to reduce memory usage. Loaded Objects now: 1624.
Total: 1.490700 ms (FindLiveObjects: 0.135200 ms CreateObjectMapping: 0.038400 ms MarkObjects: 1.273000 ms  DeleteObjects: 0.043200 ms)

========================================================================
Received Import Request.
  Time since last request: 2226.648186 seconds.
  path: Assets/Sutup/EnemyFactory.asset
  artifactKey: Guid(70ae38c2c8c328542b455e33ddc8df40) Importer(815301076,1909f56bfc062723c751e8b465ee728b)
Start importing Assets/Sutup/EnemyFactory.asset using Guid(70ae38c2c8c328542b455e33ddc8df40) Importer(815301076,1909f56bfc062723c751e8b465ee728b)  -> (artifact id: '377d208a6f5aa9569513f1e4aeb00d84') in 0.008919 seconds
  Import took 0.010813 seconds .

========================================================================
Received Prepare
Registering precompiled user dll's ...
Registered in 0.000542 seconds.
Begin MonoManager ReloadAssembly
Native extension for WindowsStandalone target not found
Refreshing native plugins compatible for Editor in 0.20 ms, found 0 plugins.
Preloading 0 native plugins for Editor in 0.00 ms.
Mono: successfully reloaded assembly
- Completed reload, in  0.700 seconds
Platform modules already initialized, skipping
Refreshing native plugins compatible for Editor in 0.21 ms, found 0 plugins.
Preloading 0 native plugins for Editor in 0.00 ms.
Unloading 1118 Unused Serialized files (Serialized files now loaded: 0)
System memory in use before: 60.7 MB.
System memory in use after: 60.8 MB.

Unloading 5 unused Assets to reduce memory usage. Loaded Objects now: 1627.
Total: 1.566200 ms (FindLiveObjects: 0.139400 ms CreateObjectMapping: 0.036900 ms MarkObjects: 1.342300 ms  DeleteObjects: 0.046500 ms)

========================================================================
Received Import Request.
  Time since last request: 47.240215 seconds.
  path: Assets/Materials/Enemy.mat
  artifactKey: Guid(46a398ee37e0a75468d451b777c39e0b) Importer(815301076,1909f56bfc062723c751e8b465ee728b)
Start importing Assets/Materials/Enemy.mat using Guid(46a398ee37e0a75468d451b777c39e0b) Importer(815301076,1909f56bfc062723c751e8b465ee728b)  -> (artifact id: 'a2b66f853b258505e11176ef9b0e7ab7') in 0.046859 seconds
  Import took 0.048708 seconds .

========================================================================
Received Prepare
Registering precompiled user dll's ...
Registered in 0.000418 seconds.
Begin MonoManager ReloadAssembly
Native extension for WindowsStandalone target not found
Refreshing native plugins compatible for Editor in 0.20 ms, found 0 plugins.
Preloading 0 native plugins for Editor in 0.00 ms.
Mono: successfully reloaded assembly
- Completed reload, in  0.672 seconds
Platform modules already initialized, skipping
Refreshing native plugins compatible for Editor in 0.19 ms, found 0 plugins.
Preloading 0 native plugins for Editor in 0.00 ms.
Unloading 1118 Unused Serialized files (Serialized files now loaded: 0)
System memory in use before: 60.7 MB.
System memory in use after: 60.8 MB.

Unloading 5 unused Assets to reduce memory usage. Loaded Objects now: 1631.
Total: 1.609900 ms (FindLiveObjects: 0.118500 ms CreateObjectMapping: 0.035700 ms MarkObjects: 1.415100 ms  DeleteObjects: 0.039900 ms)

========================================================================
Received Prepare
Registering precompiled user dll's ...
Registered in 0.000528 seconds.
Begin MonoManager ReloadAssembly
Native extension for WindowsStandalone target not found
Refreshing native plugins compatible for Editor in 0.20 ms, found 0 plugins.
Preloading 0 native plugins for Editor in 0.00 ms.
Mono: successfully reloaded assembly
- Completed reload, in  0.665 seconds
Platform modules already initialized, skipping
Refreshing native plugins compatible for Editor in 0.34 ms, found 0 plugins.
Preloading 0 native plugins for Editor in 0.00 ms.
Unloading 1118 Unused Serialized files (Serialized files now loaded: 0)
System memory in use before: 60.8 MB.
System memory in use after: 60.8 MB.

Unloading 5 unused Assets to reduce memory usage. Loaded Objects now: 1634.
Total: 1.422500 ms (FindLiveObjects: 0.127500 ms CreateObjectMapping: 0.037900 ms MarkObjects: 1.214200 ms  DeleteObjects: 0.041600 ms)

========================================================================
Received Prepare
Registering precompiled user dll's ...
Registered in 0.000525 seconds.
Begin MonoManager ReloadAssembly
Native extension for WindowsStandalone target not found
Refreshing native plugins compatible for Editor in 0.21 ms, found 0 plugins.
Preloading 0 native plugins for Editor in 0.00 ms.
Mono: successfully reloaded assembly
- Completed reload, in  0.711 seconds
Platform modules already initialized, skipping
Refreshing native plugins compatible for Editor in 0.23 ms, found 0 plugins.
Preloading 0 native plugins for Editor in 0.00 ms.
Unloading 1119 Unused Serialized files (Serialized files now loaded: 0)
System memory in use before: 60.8 MB.
System memory in use after: 60.9 MB.

Unloading 5 unused Assets to reduce memory usage. Loaded Objects now: 1638.
Total: 1.725800 ms (FindLiveObjects: 0.250100 ms CreateObjectMapping: 0.098100 ms MarkObjects: 1.326400 ms  DeleteObjects: 0.050100 ms)

========================================================================
Received Prepare
Registering precompiled user dll's ...
Registered in 0.000606 seconds.
Begin MonoManager ReloadAssembly
Native extension for WindowsStandalone target not found
Refreshing native plugins compatible for Editor in 0.20 ms, found 0 plugins.
Preloading 0 native plugins for Editor in 0.00 ms.
Mono: successfully reloaded assembly
- Completed reload, in  0.666 seconds
Platform modules already initialized, skipping
Refreshing native plugins compatible for Editor in 0.19 ms, found 0 plugins.
Preloading 0 native plugins for Editor in 0.00 ms.
Unloading 1119 Unused Serialized files (Serialized files now loaded: 0)
System memory in use before: 60.8 MB.
System memory in use after: 60.9 MB.

Unloading 5 unused Assets to reduce memory usage. Loaded Objects now: 1641.
Total: 1.426000 ms (FindLiveObjects: 0.137600 ms CreateObjectMapping: 0.038800 ms MarkObjects: 1.206900 ms  DeleteObjects: 0.041800 ms)

========================================================================
Received Prepare
Registering precompiled user dll's ...
Registered in 0.000398 seconds.
Begin MonoManager ReloadAssembly
Native extension for WindowsStandalone target not found
Refreshing native plugins compatible for Editor in 0.20 ms, found 0 plugins.
Preloading 0 native plugins for Editor in 0.00 ms.
Mono: successfully reloaded assembly
- Completed reload, in  0.701 seconds
Platform modules already initialized, skipping
Refreshing native plugins compatible for Editor in 0.20 ms, found 0 plugins.
Preloading 0 native plugins for Editor in 0.00 ms.
Unloading 1119 Unused Serialized files (Serialized files now loaded: 0)
System memory in use before: 60.8 MB.
System memory in use after: 60.9 MB.

Unloading 5 unused Assets to reduce memory usage. Loaded Objects now: 1644.
Total: 1.650300 ms (FindLiveObjects: 0.146600 ms CreateObjectMapping: 0.039200 ms MarkObjects: 1.415000 ms  DeleteObjects: 0.048700 ms)

========================================================================
Received Prepare
Registering precompiled user dll's ...
Registered in 0.000444 seconds.
Begin MonoManager ReloadAssembly
Native extension for WindowsStandalone target not found
Refreshing native plugins compatible for Editor in 0.19 ms, found 0 plugins.
Preloading 0 native plugins for Editor in 0.00 ms.
Mono: successfully reloaded assembly
- Completed reload, in  0.674 seconds
Platform modules already initialized, skipping
Refreshing native plugins compatible for Editor in 0.19 ms, found 0 plugins.
Preloading 0 native plugins for Editor in 0.00 ms.
Unloading 1119 Unused Serialized files (Serialized files now loaded: 0)
System memory in use before: 60.8 MB.
System memory in use after: 60.9 MB.

Unloading 5 unused Assets to reduce memory usage. Loaded Objects now: 1647.
Total: 1.562600 ms (FindLiveObjects: 0.138700 ms CreateObjectMapping: 0.037900 ms MarkObjects: 1.340600 ms  DeleteObjects: 0.044400 ms)

========================================================================
Received Prepare
Registering precompiled user dll's ...
Registered in 0.000544 seconds.
Begin MonoManager ReloadAssembly
Native extension for WindowsStandalone target not found
Refreshing native plugins compatible for Editor in 0.19 ms, found 0 plugins.
Preloading 0 native plugins for Editor in 0.00 ms.
Mono: successfully reloaded assembly
- Completed reload, in  0.672 seconds
Platform modules already initialized, skipping
Refreshing native plugins compatible for Editor in 0.19 ms, found 0 plugins.
Preloading 0 native plugins for Editor in 0.00 ms.
Unloading 1119 Unused Serialized files (Serialized files now loaded: 0)
System memory in use before: 60.7 MB.
System memory in use after: 60.8 MB.

Unloading 5 unused Assets to reduce memory usage. Loaded Objects now: 1650.
Total: 2.063000 ms (FindLiveObjects: 0.124700 ms CreateObjectMapping: 0.035700 ms MarkObjects: 1.859400 ms  DeleteObjects: 0.042500 ms)

========================================================================
Received Prepare
Registering precompiled user dll's ...
Registered in 0.000624 seconds.
Begin MonoManager ReloadAssembly
Native extension for WindowsStandalone target not found
Refreshing native plugins compatible for Editor in 0.19 ms, found 0 plugins.
Preloading 0 native plugins for Editor in 0.00 ms.
Mono: successfully reloaded assembly
- Completed reload, in  0.651 seconds
Platform modules already initialized, skipping
Refreshing native plugins compatible for Editor in 0.18 ms, found 0 plugins.
Preloading 0 native plugins for Editor in 0.00 ms.
Unloading 1119 Unused Serialized files (Serialized files now loaded: 0)
System memory in use before: 60.8 MB.
System memory in use after: 60.8 MB.

Unloading 5 unused Assets to reduce memory usage. Loaded Objects now: 1653.
Total: 1.624200 ms (FindLiveObjects: 0.123100 ms CreateObjectMapping: 0.033500 ms MarkObjects: 1.422400 ms  DeleteObjects: 0.044000 ms)

========================================================================
Received Prepare
Registering precompiled user dll's ...
Registered in 0.000401 seconds.
Begin MonoManager ReloadAssembly
Native extension for WindowsStandalone target not found
Refreshing native plugins compatible for Editor in 0.19 ms, found 0 plugins.
Preloading 0 native plugins for Editor in 0.00 ms.
Mono: successfully reloaded assembly
- Completed reload, in  0.680 seconds
Platform modules already initialized, skipping
Refreshing native plugins compatible for Editor in 0.31 ms, found 0 plugins.
Preloading 0 native plugins for Editor in 0.00 ms.
Unloading 1119 Unused Serialized files (Serialized files now loaded: 0)
System memory in use before: 60.8 MB.
System memory in use after: 60.8 MB.

Unloading 5 unused Assets to reduce memory usage. Loaded Objects now: 1656.
Total: 1.463100 ms (FindLiveObjects: 0.145500 ms CreateObjectMapping: 0.041300 ms MarkObjects: 1.231400 ms  DeleteObjects: 0.044000 ms)

========================================================================
Received Prepare
Registering precompiled user dll's ...
Registered in 0.000402 seconds.
Begin MonoManager ReloadAssembly
Native extension for WindowsStandalone target not found
Refreshing native plugins compatible for Editor in 0.27 ms, found 0 plugins.
Preloading 0 native plugins for Editor in 0.00 ms.
Mono: successfully reloaded assembly
- Completed reload, in  0.691 seconds
Platform modules already initialized, skipping
Refreshing native plugins compatible for Editor in 0.33 ms, found 0 plugins.
Preloading 0 native plugins for Editor in 0.00 ms.
Unloading 1120 Unused Serialized files (Serialized files now loaded: 0)
System memory in use before: 60.8 MB.
System memory in use after: 60.9 MB.

Unloading 5 unused Assets to reduce memory usage. Loaded Objects now: 1660.
Total: 1.553500 ms (FindLiveObjects: 0.151000 ms CreateObjectMapping: 0.041500 ms MarkObjects: 1.314000 ms  DeleteObjects: 0.045600 ms)

========================================================================
Received Prepare
Registering precompiled user dll's ...
Registered in 0.000406 seconds.
Begin MonoManager ReloadAssembly
Native extension for WindowsStandalone target not found
Refreshing native plugins compatible for Editor in 0.19 ms, found 0 plugins.
Preloading 0 native plugins for Editor in 0.00 ms.
Mono: successfully reloaded assembly
- Completed reload, in  0.683 seconds
Platform modules already initialized, skipping
Refreshing native plugins compatible for Editor in 0.19 ms, found 0 plugins.
Preloading 0 native plugins for Editor in 0.00 ms.
Unloading 1120 Unused Serialized files (Serialized files now loaded: 0)
System memory in use before: 60.8 MB.
System memory in use after: 60.9 MB.

Unloading 5 unused Assets to reduce memory usage. Loaded Objects now: 1663.
Total: 1.689700 ms (FindLiveObjects: 0.129200 ms CreateObjectMapping: 0.036800 ms MarkObjects: 1.479200 ms  DeleteObjects: 0.043600 ms)

========================================================================
Received Prepare
Registering precompiled user dll's ...
Registered in 0.000699 seconds.
Begin MonoManager ReloadAssembly
Native extension for WindowsStandalone target not found
Refreshing native plugins compatible for Editor in 0.31 ms, found 0 plugins.
Preloading 0 native plugins for Editor in 0.00 ms.
Mono: successfully reloaded assembly
- Completed reload, in  0.814 seconds
Platform modules already initialized, skipping
Refreshing native plugins compatible for Editor in 0.33 ms, found 0 plugins.
Preloading 0 native plugins for Editor in 0.00 ms.
Unloading 1120 Unused Serialized files (Serialized files now loaded: 0)
System memory in use before: 60.8 MB.
System memory in use after: 60.9 MB.

Unloading 5 unused Assets to reduce memory usage. Loaded Objects now: 1666.
Total: 2.005800 ms (FindLiveObjects: 0.169700 ms CreateObjectMapping: 0.050800 ms MarkObjects: 1.722600 ms  DeleteObjects: 0.061000 ms)

========================================================================
Received Prepare
Registering precompiled user dll's ...
Registered in 0.000406 seconds.
Begin MonoManager ReloadAssembly
Native extension for WindowsStandalone target not found
Refreshing native plugins compatible for Editor in 0.20 ms, found 0 plugins.
Preloading 0 native plugins for Editor in 0.00 ms.
Mono: successfully reloaded assembly
- Completed reload, in  0.682 seconds
Platform modules already initialized, skipping
Refreshing native plugins compatible for Editor in 0.19 ms, found 0 plugins.
Preloading 0 native plugins for Editor in 0.00 ms.
Unloading 1120 Unused Serialized files (Serialized files now loaded: 0)
System memory in use before: 60.8 MB.
System memory in use after: 60.9 MB.

Unloading 5 unused Assets to reduce memory usage. Loaded Objects now: 1669.
Total: 1.663000 ms (FindLiveObjects: 0.136700 ms CreateObjectMapping: 0.034100 ms MarkObjects: 1.450100 ms  DeleteObjects: 0.041300 ms)

========================================================================
Received Prepare
Registering precompiled user dll's ...
Registered in 0.000459 seconds.
Begin MonoManager ReloadAssembly
Native extension for WindowsStandalone target not found
Refreshing native plugins compatible for Editor in 0.22 ms, found 0 plugins.
Preloading 0 native plugins for Editor in 0.00 ms.
Mono: successfully reloaded assembly
- Completed reload, in  0.690 seconds
Platform modules already initialized, skipping
Refreshing native plugins compatible for Editor in 0.19 ms, found 0 plugins.
Preloading 0 native plugins for Editor in 0.00 ms.
Unloading 1120 Unused Serialized files (Serialized files now loaded: 0)
System memory in use before: 60.8 MB.
System memory in use after: 60.9 MB.

Unloading 5 unused Assets to reduce memory usage. Loaded Objects now: 1672.
Total: 1.435800 ms (FindLiveObjects: 0.135200 ms CreateObjectMapping: 0.035000 ms MarkObjects: 1.220100 ms  DeleteObjects: 0.044600 ms)

========================================================================
Received Prepare
Registering precompiled user dll's ...
Registered in 0.000621 seconds.
Begin MonoManager ReloadAssembly
Native extension for WindowsStandalone target not found
Refreshing native plugins compatible for Editor in 0.22 ms, found 0 plugins.
Preloading 0 native plugins for Editor in 0.00 ms.
Mono: successfully reloaded assembly
- Completed reload, in  0.679 seconds
Platform modules already initialized, skipping
Refreshing native plugins compatible for Editor in 0.19 ms, found 0 plugins.
Preloading 0 native plugins for Editor in 0.00 ms.
Unloading 1120 Unused Serialized files (Serialized files now loaded: 0)
System memory in use before: 60.8 MB.
System memory in use after: 60.9 MB.

Unloading 5 unused Assets to reduce memory usage. Loaded Objects now: 1675.
Total: 1.741800 ms (FindLiveObjects: 0.206600 ms CreateObjectMapping: 0.075500 ms MarkObjects: 1.410600 ms  DeleteObjects: 0.047700 ms)

========================================================================
Received Prepare
Registering precompiled user dll's ...
Registered in 0.000428 seconds.
Begin MonoManager ReloadAssembly
Native extension for WindowsStandalone target not found
Refreshing native plugins compatible for Editor in 0.21 ms, found 0 plugins.
Preloading 0 native plugins for Editor in 0.00 ms.
Mono: successfully reloaded assembly
- Completed reload, in  0.675 seconds
Platform modules already initialized, skipping
Refreshing native plugins compatible for Editor in 0.19 ms, found 0 plugins.
Preloading 0 native plugins for Editor in 0.00 ms.
Unloading 1120 Unused Serialized files (Serialized files now loaded: 0)
System memory in use before: 60.8 MB.
System memory in use after: 60.9 MB.

Unloading 5 unused Assets to reduce memory usage. Loaded Objects now: 1678.
Total: 1.502100 ms (FindLiveObjects: 0.133200 ms CreateObjectMapping: 0.036800 ms MarkObjects: 1.290900 ms  DeleteObjects: 0.040300 ms)

